lpn;sem
0;Superblock
1;Superblock
2;Superblock
3;Superblock
1024;Checkpoint
1025;Checkpoint
1026;Checkpoint
1027;Checkpoint
1028;Checkpoint
1029;Checkpoint
1030;Checkpoint
1031;Checkpoint
1032;Checkpoint
1033;Checkpoint
1034;Checkpoint
1035;Checkpoint
1036;Checkpoint
1037;Checkpoint
1038;Checkpoint
1039;Checkpoint
2048;SegInfoTab
2049;SegInfoTab
2050;SegInfoTab
2051;SegInfoTab
2052;SegInfoTab
2053;SegInfoTab
2062;SegInfoTab
2063;SegInfoTab
3072;NodeAddrTab
3073;NodeAddrTab
3074;NodeAddrTab
3075;NodeAddrTab
3076;NodeAddrTab
3077;NodeAddrTab
3078;NodeAddrTab
3079;NodeAddrTab
3080;NodeAddrTab
3081;NodeAddrTab
3082;NodeAddrTab
3083;NodeAddrTab
3084;NodeAddrTab
3085;NodeAddrTab
3086;NodeAddrTab
3087;NodeAddrTab
3088;NodeAddrTab
3089;NodeAddrTab
3090;NodeAddrTab
3091;NodeAddrTab
3092;NodeAddrTab
3093;NodeAddrTab
3094;NodeAddrTab
3095;NodeAddrTab
3096;NodeAddrTab
3097;NodeAddrTab
3098;NodeAddrTab
3099;NodeAddrTab
3100;NodeAddrTab
3101;NodeAddrTab
3102;NodeAddrTab
3103;NodeAddrTab
3104;NodeAddrTab
3105;NodeAddrTab
3106;NodeAddrTab
3107;NodeAddrTab
3108;NodeAddrTab
3109;NodeAddrTab
3110;NodeAddrTab
3111;NodeAddrTab
3112;NodeAddrTab
3113;NodeAddrTab
3114;NodeAddrTab
3115;NodeAddrTab
3116;NodeAddrTab
3117;NodeAddrTab
3118;NodeAddrTab
3119;NodeAddrTab
3120;NodeAddrTab
3121;NodeAddrTab
3122;NodeAddrTab
3123;NodeAddrTab
3124;NodeAddrTab
3125;NodeAddrTab
3126;NodeAddrTab
3127;NodeAddrTab
3128;NodeAddrTab
3129;NodeAddrTab
3130;NodeAddrTab
3131;NodeAddrTab
3132;NodeAddrTab
3133;NodeAddrTab
3134;NodeAddrTab
3135;NodeAddrTab
3136;NodeAddrTab
3137;NodeAddrTab
3138;NodeAddrTab
3139;NodeAddrTab
3140;NodeAddrTab
3141;NodeAddrTab
3142;NodeAddrTab
3143;NodeAddrTab
3144;NodeAddrTab
3145;NodeAddrTab
3146;NodeAddrTab
3147;NodeAddrTab
3148;NodeAddrTab
3149;NodeAddrTab
3150;NodeAddrTab
3151;NodeAddrTab
3152;NodeAddrTab
3153;NodeAddrTab
3154;NodeAddrTab
3155;NodeAddrTab
3156;NodeAddrTab
3157;NodeAddrTab
3158;NodeAddrTab
3159;NodeAddrTab
3160;NodeAddrTab
3161;NodeAddrTab
3162;NodeAddrTab
3163;NodeAddrTab
3164;NodeAddrTab
3165;NodeAddrTab
3166;NodeAddrTab
3167;NodeAddrTab
3168;NodeAddrTab
3169;NodeAddrTab
3170;NodeAddrTab
3171;NodeAddrTab
3172;NodeAddrTab
3173;NodeAddrTab
3174;NodeAddrTab
3175;NodeAddrTab
3176;NodeAddrTab
3177;NodeAddrTab
3178;NodeAddrTab
3179;NodeAddrTab
3180;NodeAddrTab
3181;NodeAddrTab
3182;NodeAddrTab
3183;NodeAddrTab
3184;NodeAddrTab
3185;NodeAddrTab
3186;NodeAddrTab
3187;NodeAddrTab
3188;NodeAddrTab
3189;NodeAddrTab
3190;NodeAddrTab
3191;NodeAddrTab
3192;NodeAddrTab
3193;NodeAddrTab
3194;NodeAddrTab
3195;NodeAddrTab
3196;NodeAddrTab
3197;NodeAddrTab
3198;NodeAddrTab
3199;NodeAddrTab
3200;NodeAddrTab
3201;NodeAddrTab
3202;NodeAddrTab
3203;NodeAddrTab
3204;NodeAddrTab
3205;NodeAddrTab
3206;NodeAddrTab
3207;NodeAddrTab
3208;NodeAddrTab
3209;NodeAddrTab
3210;NodeAddrTab
3211;NodeAddrTab
3212;NodeAddrTab
3213;NodeAddrTab
3214;NodeAddrTab
3215;NodeAddrTab
3216;NodeAddrTab
3217;NodeAddrTab
3218;NodeAddrTab
3219;NodeAddrTab
3220;NodeAddrTab
3221;NodeAddrTab
3222;NodeAddrTab
3223;NodeAddrTab
3224;NodeAddrTab
3225;NodeAddrTab
3226;NodeAddrTab
3227;NodeAddrTab
3228;NodeAddrTab
3229;NodeAddrTab
3230;NodeAddrTab
3231;NodeAddrTab
3232;NodeAddrTab
3233;NodeAddrTab
3234;NodeAddrTab
3235;NodeAddrTab
3236;NodeAddrTab
3237;NodeAddrTab
3238;NodeAddrTab
3239;NodeAddrTab
3240;NodeAddrTab
3241;NodeAddrTab
3242;NodeAddrTab
3243;NodeAddrTab
3244;NodeAddrTab
3245;NodeAddrTab
3246;NodeAddrTab
3247;NodeAddrTab
3248;NodeAddrTab
3249;NodeAddrTab
3250;NodeAddrTab
3251;NodeAddrTab
3252;NodeAddrTab
3253;NodeAddrTab
3254;NodeAddrTab
3255;NodeAddrTab
3256;NodeAddrTab
3257;NodeAddrTab
3258;NodeAddrTab
3259;NodeAddrTab
3260;NodeAddrTab
3261;NodeAddrTab
3262;NodeAddrTab
3263;NodeAddrTab
3264;NodeAddrTab
3265;NodeAddrTab
3266;NodeAddrTab
3267;NodeAddrTab
3268;NodeAddrTab
3269;NodeAddrTab
3270;NodeAddrTab
3271;NodeAddrTab
3272;NodeAddrTab
3273;NodeAddrTab
3274;NodeAddrTab
3275;NodeAddrTab
3276;NodeAddrTab
3277;NodeAddrTab
3278;NodeAddrTab
3279;NodeAddrTab
3280;NodeAddrTab
3281;NodeAddrTab
3282;NodeAddrTab
3283;NodeAddrTab
3284;NodeAddrTab
3285;NodeAddrTab
3286;NodeAddrTab
3287;NodeAddrTab
3288;NodeAddrTab
3289;NodeAddrTab
3290;NodeAddrTab
3291;NodeAddrTab
3292;NodeAddrTab
3293;NodeAddrTab
3294;NodeAddrTab
3295;NodeAddrTab
3296;NodeAddrTab
3297;NodeAddrTab
3298;NodeAddrTab
3299;NodeAddrTab
3300;NodeAddrTab
3301;NodeAddrTab
3302;NodeAddrTab
3303;NodeAddrTab
3304;NodeAddrTab
3305;NodeAddrTab
3306;NodeAddrTab
3307;NodeAddrTab
3308;NodeAddrTab
3309;NodeAddrTab
3310;NodeAddrTab
3311;NodeAddrTab
3312;NodeAddrTab
3313;NodeAddrTab
3314;NodeAddrTab
3315;NodeAddrTab
3316;NodeAddrTab
3317;NodeAddrTab
3318;NodeAddrTab
3319;NodeAddrTab
3320;NodeAddrTab
3321;NodeAddrTab
3322;NodeAddrTab
3323;NodeAddrTab
3324;NodeAddrTab
3325;NodeAddrTab
3326;NodeAddrTab
3327;NodeAddrTab
3328;NodeAddrTab
3329;NodeAddrTab
3330;NodeAddrTab
3331;NodeAddrTab
3332;NodeAddrTab
3333;NodeAddrTab
3334;NodeAddrTab
3335;NodeAddrTab
3336;NodeAddrTab
3337;NodeAddrTab
3338;NodeAddrTab
3339;NodeAddrTab
3340;NodeAddrTab
3341;NodeAddrTab
3342;NodeAddrTab
3343;NodeAddrTab
3344;NodeAddrTab
3345;NodeAddrTab
3346;NodeAddrTab
3347;NodeAddrTab
3348;NodeAddrTab
3349;NodeAddrTab
3350;NodeAddrTab
3351;NodeAddrTab
3352;NodeAddrTab
3353;NodeAddrTab
3354;NodeAddrTab
3355;NodeAddrTab
3356;NodeAddrTab
3357;NodeAddrTab
3358;NodeAddrTab
3359;NodeAddrTab
3360;NodeAddrTab
3361;NodeAddrTab
3362;NodeAddrTab
3363;NodeAddrTab
3364;NodeAddrTab
3365;NodeAddrTab
3366;NodeAddrTab
3367;NodeAddrTab
3368;NodeAddrTab
3369;NodeAddrTab
3370;NodeAddrTab
3371;NodeAddrTab
3372;NodeAddrTab
3373;NodeAddrTab
3374;NodeAddrTab
3375;NodeAddrTab
3376;NodeAddrTab
3377;NodeAddrTab
3378;NodeAddrTab
3379;NodeAddrTab
3380;NodeAddrTab
3381;NodeAddrTab
3382;NodeAddrTab
3383;NodeAddrTab
3384;NodeAddrTab
3385;NodeAddrTab
3386;NodeAddrTab
3387;NodeAddrTab
3388;NodeAddrTab
3389;NodeAddrTab
3390;NodeAddrTab
3391;NodeAddrTab
3392;NodeAddrTab
3393;NodeAddrTab
3394;NodeAddrTab
3395;NodeAddrTab
3396;NodeAddrTab
3397;NodeAddrTab
3398;NodeAddrTab
3399;NodeAddrTab
3400;NodeAddrTab
3401;NodeAddrTab
3402;NodeAddrTab
3403;NodeAddrTab
3404;NodeAddrTab
3405;NodeAddrTab
3406;NodeAddrTab
3407;NodeAddrTab
3408;NodeAddrTab
3409;NodeAddrTab
3410;NodeAddrTab
3411;NodeAddrTab
3412;NodeAddrTab
3413;NodeAddrTab
3414;NodeAddrTab
3415;NodeAddrTab
3416;NodeAddrTab
3417;NodeAddrTab
3418;NodeAddrTab
3419;NodeAddrTab
3420;NodeAddrTab
3421;NodeAddrTab
3422;NodeAddrTab
3423;NodeAddrTab
3424;NodeAddrTab
3425;NodeAddrTab
3426;NodeAddrTab
3427;NodeAddrTab
3428;NodeAddrTab
3429;NodeAddrTab
3430;NodeAddrTab
3431;NodeAddrTab
3432;NodeAddrTab
3433;NodeAddrTab
3434;NodeAddrTab
3435;NodeAddrTab
3436;NodeAddrTab
3437;NodeAddrTab
3438;NodeAddrTab
3439;NodeAddrTab
3440;NodeAddrTab
3441;NodeAddrTab
3442;NodeAddrTab
3443;NodeAddrTab
3444;NodeAddrTab
3445;NodeAddrTab
3446;NodeAddrTab
3447;NodeAddrTab
3448;NodeAddrTab
3449;NodeAddrTab
3450;NodeAddrTab
3451;NodeAddrTab
3452;NodeAddrTab
3453;NodeAddrTab
3454;NodeAddrTab
3455;NodeAddrTab
3456;NodeAddrTab
3457;NodeAddrTab
3458;NodeAddrTab
3459;NodeAddrTab
3460;NodeAddrTab
3461;NodeAddrTab
3462;NodeAddrTab
3463;NodeAddrTab
3464;NodeAddrTab
3465;NodeAddrTab
3466;NodeAddrTab
3467;NodeAddrTab
3468;NodeAddrTab
3469;NodeAddrTab
3470;NodeAddrTab
3471;NodeAddrTab
3472;NodeAddrTab
3473;NodeAddrTab
3474;NodeAddrTab
3475;NodeAddrTab
3476;NodeAddrTab
3477;NodeAddrTab
3478;NodeAddrTab
3479;NodeAddrTab
3480;NodeAddrTab
3481;NodeAddrTab
3482;NodeAddrTab
3483;NodeAddrTab
3484;NodeAddrTab
3485;NodeAddrTab
3486;NodeAddrTab
3487;NodeAddrTab
3488;NodeAddrTab
3489;NodeAddrTab
3490;NodeAddrTab
3491;NodeAddrTab
3492;NodeAddrTab
3493;NodeAddrTab
3494;NodeAddrTab
3495;NodeAddrTab
3496;NodeAddrTab
3497;NodeAddrTab
3498;NodeAddrTab
3499;NodeAddrTab
3500;NodeAddrTab
3501;NodeAddrTab
3502;NodeAddrTab
3503;NodeAddrTab
3504;NodeAddrTab
3505;NodeAddrTab
3506;NodeAddrTab
3507;NodeAddrTab
3508;NodeAddrTab
3509;NodeAddrTab
3510;NodeAddrTab
3511;NodeAddrTab
3512;NodeAddrTab
3513;NodeAddrTab
3514;NodeAddrTab
3515;NodeAddrTab
3516;NodeAddrTab
3517;NodeAddrTab
3518;NodeAddrTab
3519;NodeAddrTab
3520;NodeAddrTab
3521;NodeAddrTab
3522;NodeAddrTab
3523;NodeAddrTab
3524;NodeAddrTab
3525;NodeAddrTab
3526;NodeAddrTab
3527;NodeAddrTab
3528;NodeAddrTab
3529;NodeAddrTab
3530;NodeAddrTab
3531;NodeAddrTab
3532;NodeAddrTab
3533;NodeAddrTab
3534;NodeAddrTab
3535;NodeAddrTab
3536;NodeAddrTab
3537;NodeAddrTab
3538;NodeAddrTab
3539;NodeAddrTab
3540;NodeAddrTab
3541;NodeAddrTab
3542;NodeAddrTab
3543;NodeAddrTab
3544;NodeAddrTab
3545;NodeAddrTab
3546;NodeAddrTab
3547;NodeAddrTab
3548;NodeAddrTab
3549;NodeAddrTab
3550;NodeAddrTab
3551;NodeAddrTab
3552;NodeAddrTab
3553;NodeAddrTab
3554;NodeAddrTab
3555;NodeAddrTab
3556;NodeAddrTab
3557;NodeAddrTab
3558;NodeAddrTab
3559;NodeAddrTab
3560;NodeAddrTab
3561;NodeAddrTab
3562;NodeAddrTab
3563;NodeAddrTab
3564;NodeAddrTab
3565;NodeAddrTab
3566;NodeAddrTab
3567;NodeAddrTab
3568;NodeAddrTab
3569;NodeAddrTab
3570;NodeAddrTab
3571;NodeAddrTab
3572;NodeAddrTab
3573;NodeAddrTab
3574;NodeAddrTab
3575;NodeAddrTab
3576;NodeAddrTab
3577;NodeAddrTab
3578;NodeAddrTab
3579;NodeAddrTab
3580;NodeAddrTab
3581;NodeAddrTab
3582;NodeAddrTab
3583;NodeAddrTab
3584;NodeAddrTab
3585;NodeAddrTab
3586;NodeAddrTab
3587;NodeAddrTab
3588;NodeAddrTab
3589;NodeAddrTab
3590;NodeAddrTab
3591;NodeAddrTab
3592;NodeAddrTab
3593;NodeAddrTab
3594;NodeAddrTab
3595;NodeAddrTab
3596;NodeAddrTab
3597;NodeAddrTab
3598;NodeAddrTab
3599;NodeAddrTab
3600;NodeAddrTab
3601;NodeAddrTab
3602;NodeAddrTab
3603;NodeAddrTab
3604;NodeAddrTab
3605;NodeAddrTab
3606;NodeAddrTab
3607;NodeAddrTab
3608;NodeAddrTab
3609;NodeAddrTab
3610;NodeAddrTab
3611;NodeAddrTab
3612;NodeAddrTab
3613;NodeAddrTab
3614;NodeAddrTab
3615;NodeAddrTab
3616;NodeAddrTab
3617;NodeAddrTab
3618;NodeAddrTab
3619;NodeAddrTab
3620;NodeAddrTab
3621;NodeAddrTab
3622;NodeAddrTab
3623;NodeAddrTab
3624;NodeAddrTab
3625;NodeAddrTab
3626;NodeAddrTab
3627;NodeAddrTab
3628;NodeAddrTab
3629;NodeAddrTab
3630;NodeAddrTab
3631;NodeAddrTab
3632;NodeAddrTab
3633;NodeAddrTab
3634;NodeAddrTab
3635;NodeAddrTab
3636;NodeAddrTab
3637;NodeAddrTab
3638;NodeAddrTab
3639;NodeAddrTab
3640;NodeAddrTab
3641;NodeAddrTab
3642;NodeAddrTab
3643;NodeAddrTab
3644;NodeAddrTab
3645;NodeAddrTab
3646;NodeAddrTab
3647;NodeAddrTab
3648;NodeAddrTab
3649;NodeAddrTab
3650;NodeAddrTab
3651;NodeAddrTab
3652;NodeAddrTab
3653;NodeAddrTab
3654;NodeAddrTab
3655;NodeAddrTab
3656;NodeAddrTab
3657;NodeAddrTab
3658;NodeAddrTab
3659;NodeAddrTab
3660;NodeAddrTab
3661;NodeAddrTab
3662;NodeAddrTab
3663;NodeAddrTab
3664;NodeAddrTab
3665;NodeAddrTab
3666;NodeAddrTab
3667;NodeAddrTab
3668;NodeAddrTab
3669;NodeAddrTab
3670;NodeAddrTab
3671;NodeAddrTab
3672;NodeAddrTab
3673;NodeAddrTab
3674;NodeAddrTab
3675;NodeAddrTab
3676;NodeAddrTab
3677;NodeAddrTab
3678;NodeAddrTab
3679;NodeAddrTab
3680;NodeAddrTab
3681;NodeAddrTab
3682;NodeAddrTab
3683;NodeAddrTab
3684;NodeAddrTab
3685;NodeAddrTab
3686;NodeAddrTab
3687;NodeAddrTab
3688;NodeAddrTab
3689;NodeAddrTab
3690;NodeAddrTab
3691;NodeAddrTab
3692;NodeAddrTab
3693;NodeAddrTab
3694;NodeAddrTab
3695;NodeAddrTab
3696;NodeAddrTab
3697;NodeAddrTab
3698;NodeAddrTab
3699;NodeAddrTab
3700;NodeAddrTab
3701;NodeAddrTab
3702;NodeAddrTab
3703;NodeAddrTab
3704;NodeAddrTab
3705;NodeAddrTab
3706;NodeAddrTab
3707;NodeAddrTab
3708;NodeAddrTab
3709;NodeAddrTab
3710;NodeAddrTab
3711;NodeAddrTab
3712;NodeAddrTab
3713;NodeAddrTab
3714;NodeAddrTab
3715;NodeAddrTab
3716;NodeAddrTab
3717;NodeAddrTab
3718;NodeAddrTab
3719;NodeAddrTab
3720;NodeAddrTab
3721;NodeAddrTab
3722;NodeAddrTab
3723;NodeAddrTab
3724;NodeAddrTab
3725;NodeAddrTab
3726;NodeAddrTab
3727;NodeAddrTab
3728;NodeAddrTab
3729;NodeAddrTab
3730;NodeAddrTab
3731;NodeAddrTab
3732;NodeAddrTab
3733;NodeAddrTab
3734;NodeAddrTab
3735;NodeAddrTab
3736;NodeAddrTab
3737;NodeAddrTab
3738;NodeAddrTab
3739;NodeAddrTab
3740;NodeAddrTab
3741;NodeAddrTab
3742;NodeAddrTab
3743;NodeAddrTab
3744;NodeAddrTab
3745;NodeAddrTab
3746;NodeAddrTab
3747;NodeAddrTab
3748;NodeAddrTab
3749;NodeAddrTab
3750;NodeAddrTab
3751;NodeAddrTab
3752;NodeAddrTab
3753;NodeAddrTab
3754;NodeAddrTab
3755;NodeAddrTab
3756;NodeAddrTab
3757;NodeAddrTab
3758;NodeAddrTab
3759;NodeAddrTab
3760;NodeAddrTab
3761;NodeAddrTab
3762;NodeAddrTab
3763;NodeAddrTab
3764;NodeAddrTab
3765;NodeAddrTab
3766;NodeAddrTab
3767;NodeAddrTab
3768;NodeAddrTab
3769;NodeAddrTab
3770;NodeAddrTab
3771;NodeAddrTab
3772;NodeAddrTab
3773;NodeAddrTab
3774;NodeAddrTab
3775;NodeAddrTab
3776;NodeAddrTab
3777;NodeAddrTab
3778;NodeAddrTab
3779;NodeAddrTab
3780;NodeAddrTab
3781;NodeAddrTab
3782;NodeAddrTab
3783;NodeAddrTab
3784;NodeAddrTab
3785;NodeAddrTab
3786;NodeAddrTab
3787;NodeAddrTab
3788;NodeAddrTab
3789;NodeAddrTab
3790;NodeAddrTab
3791;NodeAddrTab
3792;NodeAddrTab
3793;NodeAddrTab
3794;NodeAddrTab
3795;NodeAddrTab
3796;NodeAddrTab
3797;NodeAddrTab
3798;NodeAddrTab
3799;NodeAddrTab
3800;NodeAddrTab
3801;NodeAddrTab
3802;NodeAddrTab
3803;NodeAddrTab
3804;NodeAddrTab
3805;NodeAddrTab
3806;NodeAddrTab
3807;NodeAddrTab
3808;NodeAddrTab
3809;NodeAddrTab
3810;NodeAddrTab
3811;NodeAddrTab
3812;NodeAddrTab
3813;NodeAddrTab
3814;NodeAddrTab
3815;NodeAddrTab
3816;NodeAddrTab
3817;NodeAddrTab
3818;NodeAddrTab
3819;NodeAddrTab
3820;NodeAddrTab
3821;NodeAddrTab
3822;NodeAddrTab
3823;NodeAddrTab
3824;NodeAddrTab
3825;NodeAddrTab
3826;NodeAddrTab
3827;NodeAddrTab
3828;NodeAddrTab
3829;NodeAddrTab
3830;NodeAddrTab
3831;NodeAddrTab
3832;NodeAddrTab
3833;NodeAddrTab
3834;NodeAddrTab
3835;NodeAddrTab
3836;NodeAddrTab
3837;NodeAddrTab
3838;NodeAddrTab
3839;NodeAddrTab
3840;NodeAddrTab
3841;NodeAddrTab
3842;NodeAddrTab
3843;NodeAddrTab
3844;NodeAddrTab
3845;NodeAddrTab
3846;NodeAddrTab
3847;NodeAddrTab
3848;NodeAddrTab
3849;NodeAddrTab
3850;NodeAddrTab
3851;NodeAddrTab
3852;NodeAddrTab
3853;NodeAddrTab
3854;NodeAddrTab
3855;NodeAddrTab
3856;NodeAddrTab
3857;NodeAddrTab
3858;NodeAddrTab
3859;NodeAddrTab
3860;NodeAddrTab
3861;NodeAddrTab
3862;NodeAddrTab
3863;NodeAddrTab
3864;NodeAddrTab
3865;NodeAddrTab
3866;NodeAddrTab
3867;NodeAddrTab
3868;NodeAddrTab
3869;NodeAddrTab
3870;NodeAddrTab
3871;NodeAddrTab
3872;NodeAddrTab
3873;NodeAddrTab
3874;NodeAddrTab
3875;NodeAddrTab
3876;NodeAddrTab
3877;NodeAddrTab
3878;NodeAddrTab
3879;NodeAddrTab
3880;NodeAddrTab
3881;NodeAddrTab
3882;NodeAddrTab
3883;NodeAddrTab
3884;NodeAddrTab
3885;NodeAddrTab
3886;NodeAddrTab
3887;NodeAddrTab
3888;NodeAddrTab
3889;NodeAddrTab
3890;NodeAddrTab
3891;NodeAddrTab
3892;NodeAddrTab
3893;NodeAddrTab
3894;NodeAddrTab
3895;NodeAddrTab
3896;NodeAddrTab
3897;NodeAddrTab
3898;NodeAddrTab
3899;NodeAddrTab
3900;NodeAddrTab
3901;NodeAddrTab
3902;NodeAddrTab
3903;NodeAddrTab
3904;NodeAddrTab
3905;NodeAddrTab
3906;NodeAddrTab
3907;NodeAddrTab
3908;NodeAddrTab
3909;NodeAddrTab
3910;NodeAddrTab
3911;NodeAddrTab
3912;NodeAddrTab
3913;NodeAddrTab
3914;NodeAddrTab
3915;NodeAddrTab
3916;NodeAddrTab
3917;NodeAddrTab
3918;NodeAddrTab
3919;NodeAddrTab
3920;NodeAddrTab
3921;NodeAddrTab
3922;NodeAddrTab
3923;NodeAddrTab
3924;NodeAddrTab
3925;NodeAddrTab
3926;NodeAddrTab
3927;NodeAddrTab
3928;NodeAddrTab
3929;NodeAddrTab
3930;NodeAddrTab
3931;NodeAddrTab
3932;NodeAddrTab
3933;NodeAddrTab
3934;NodeAddrTab
3935;NodeAddrTab
3936;NodeAddrTab
3937;NodeAddrTab
3938;NodeAddrTab
3939;NodeAddrTab
3940;NodeAddrTab
3941;NodeAddrTab
3942;NodeAddrTab
3943;NodeAddrTab
3944;NodeAddrTab
3945;NodeAddrTab
3946;NodeAddrTab
3947;NodeAddrTab
3948;NodeAddrTab
3949;NodeAddrTab
3950;NodeAddrTab
3951;NodeAddrTab
3952;NodeAddrTab
3953;NodeAddrTab
3954;NodeAddrTab
3955;NodeAddrTab
3956;NodeAddrTab
3957;NodeAddrTab
3958;NodeAddrTab
3959;NodeAddrTab
3960;NodeAddrTab
3961;NodeAddrTab
3962;NodeAddrTab
3963;NodeAddrTab
3964;NodeAddrTab
3965;NodeAddrTab
3966;NodeAddrTab
3967;NodeAddrTab
3968;NodeAddrTab
3969;NodeAddrTab
3970;NodeAddrTab
3971;NodeAddrTab
3972;NodeAddrTab
3973;NodeAddrTab
3974;NodeAddrTab
3975;NodeAddrTab
3976;NodeAddrTab
3977;NodeAddrTab
3978;NodeAddrTab
3979;NodeAddrTab
3980;NodeAddrTab
3981;NodeAddrTab
3982;NodeAddrTab
3983;NodeAddrTab
3984;NodeAddrTab
3985;NodeAddrTab
3986;NodeAddrTab
3987;NodeAddrTab
3988;NodeAddrTab
3989;NodeAddrTab
3990;NodeAddrTab
3991;NodeAddrTab
3992;NodeAddrTab
3993;NodeAddrTab
3994;NodeAddrTab
3995;NodeAddrTab
3996;NodeAddrTab
3997;NodeAddrTab
3998;NodeAddrTab
3999;NodeAddrTab
4000;NodeAddrTab
4001;NodeAddrTab
4002;NodeAddrTab
4003;NodeAddrTab
4004;NodeAddrTab
4005;NodeAddrTab
4006;NodeAddrTab
4007;NodeAddrTab
4008;NodeAddrTab
4009;NodeAddrTab
4010;NodeAddrTab
4011;NodeAddrTab
4012;NodeAddrTab
4013;NodeAddrTab
4014;NodeAddrTab
4015;NodeAddrTab
4016;NodeAddrTab
4017;NodeAddrTab
4018;NodeAddrTab
4019;NodeAddrTab
4020;NodeAddrTab
4021;NodeAddrTab
4022;NodeAddrTab
4023;NodeAddrTab
4024;NodeAddrTab
4025;NodeAddrTab
4026;NodeAddrTab
4027;NodeAddrTab
4028;NodeAddrTab
4029;NodeAddrTab
4030;NodeAddrTab
4031;NodeAddrTab
4032;NodeAddrTab
4033;NodeAddrTab
4034;NodeAddrTab
4035;NodeAddrTab
4036;NodeAddrTab
4037;NodeAddrTab
4038;NodeAddrTab
4039;NodeAddrTab
4040;NodeAddrTab
4041;NodeAddrTab
4042;NodeAddrTab
4043;NodeAddrTab
4044;NodeAddrTab
4045;NodeAddrTab
4046;NodeAddrTab
4047;NodeAddrTab
4048;NodeAddrTab
4049;NodeAddrTab
4050;NodeAddrTab
4051;NodeAddrTab
4052;NodeAddrTab
4053;NodeAddrTab
4054;NodeAddrTab
4055;NodeAddrTab
4056;NodeAddrTab
4057;NodeAddrTab
4058;NodeAddrTab
4059;NodeAddrTab
4060;NodeAddrTab
4061;NodeAddrTab
4062;NodeAddrTab
4063;NodeAddrTab
4064;NodeAddrTab
4065;NodeAddrTab
4066;NodeAddrTab
4067;NodeAddrTab
4068;NodeAddrTab
4069;NodeAddrTab
4070;NodeAddrTab
4071;NodeAddrTab
4072;NodeAddrTab
4073;NodeAddrTab
4074;NodeAddrTab
4075;NodeAddrTab
4076;NodeAddrTab
4077;NodeAddrTab
4078;NodeAddrTab
4079;NodeAddrTab
4080;NodeAddrTab
4081;NodeAddrTab
4082;NodeAddrTab
4083;NodeAddrTab
4084;NodeAddrTab
4085;NodeAddrTab
4086;NodeAddrTab
4087;NodeAddrTab
4088;NodeAddrTab
4089;NodeAddrTab
4090;NodeAddrTab
4091;NodeAddrTab
4092;NodeAddrTab
4093;NodeAddrTab
4094;NodeAddrTab
4095;NodeAddrTab
5120;SegSummArea
5121;SegSummArea
5122;SegSummArea
5123;SegSummArea
5124;SegSummArea
5125;SegSummArea
5126;SegSummArea
5127;SegSummArea
5128;SegSummArea
5129;SegSummArea
5130;SegSummArea
5131;SegSummArea
5132;SegSummArea
5133;SegSummArea
5134;SegSummArea
5135;SegSummArea
5136;SegSummArea
5137;SegSummArea
5138;SegSummArea
5139;SegSummArea
5140;SegSummArea
5141;SegSummArea
5142;SegSummArea
5143;SegSummArea
5144;SegSummArea
5145;SegSummArea
5146;SegSummArea
5147;SegSummArea
5148;SegSummArea
5149;SegSummArea
5150;SegSummArea
5151;SegSummArea
5152;SegSummArea
5153;SegSummArea
5154;SegSummArea
5155;SegSummArea
5156;SegSummArea
5157;SegSummArea
5158;SegSummArea
5159;SegSummArea
5160;SegSummArea
5161;SegSummArea
5162;SegSummArea
5163;SegSummArea
5164;SegSummArea
5165;SegSummArea
5166;SegSummArea
5167;SegSummArea
5168;SegSummArea
5169;SegSummArea
5170;SegSummArea
5171;SegSummArea
5172;SegSummArea
5173;SegSummArea
5174;SegSummArea
5175;SegSummArea
5176;SegSummArea
5177;SegSummArea
5178;SegSummArea
5179;SegSummArea
5180;SegSummArea
5181;SegSummArea
5182;SegSummArea
5183;SegSummArea
5184;SegSummArea
5185;SegSummArea
5186;SegSummArea
5187;SegSummArea
5188;SegSummArea
5189;SegSummArea
5190;SegSummArea
5191;SegSummArea
5192;SegSummArea
5193;SegSummArea
5194;SegSummArea
5195;SegSummArea
5196;SegSummArea
5197;SegSummArea
5198;SegSummArea
5199;SegSummArea
5200;SegSummArea
5201;SegSummArea
5202;SegSummArea
5203;SegSummArea
5204;SegSummArea
5205;SegSummArea
5206;SegSummArea
5207;SegSummArea
5208;SegSummArea
5209;SegSummArea
5210;SegSummArea
5211;SegSummArea
5212;SegSummArea
5213;SegSummArea
5214;SegSummArea
5215;SegSummArea
5216;SegSummArea
5217;SegSummArea
5218;SegSummArea
5219;SegSummArea
5220;SegSummArea
5221;SegSummArea
5222;SegSummArea
5223;SegSummArea
5224;SegSummArea
5225;SegSummArea
5226;SegSummArea
5227;SegSummArea
5228;SegSummArea
5229;SegSummArea
5230;SegSummArea
5231;SegSummArea
5232;SegSummArea
5233;SegSummArea
5234;SegSummArea
5235;SegSummArea
5236;SegSummArea
5237;SegSummArea
5238;SegSummArea
5239;SegSummArea
5240;SegSummArea
5241;SegSummArea
5242;SegSummArea
5243;SegSummArea
5244;SegSummArea
5245;SegSummArea
5246;SegSummArea
5247;SegSummArea
5248;SegSummArea
5249;SegSummArea
5250;SegSummArea
5251;SegSummArea
5252;SegSummArea
5253;SegSummArea
5254;SegSummArea
5255;SegSummArea
5256;SegSummArea
5257;SegSummArea
5258;SegSummArea
5259;SegSummArea
5260;SegSummArea
5261;SegSummArea
5262;SegSummArea
5263;SegSummArea
5264;SegSummArea
5265;SegSummArea
5266;SegSummArea
5267;SegSummArea
5268;SegSummArea
5269;SegSummArea
5270;SegSummArea
5271;SegSummArea
5272;SegSummArea
5273;SegSummArea
5274;SegSummArea
5275;SegSummArea
5276;SegSummArea
5277;SegSummArea
5278;SegSummArea
5279;SegSummArea
5280;SegSummArea
5281;SegSummArea
5282;SegSummArea
5283;SegSummArea
5284;SegSummArea
5285;SegSummArea
5286;SegSummArea
5287;SegSummArea
5288;SegSummArea
5289;SegSummArea
5290;SegSummArea
5291;SegSummArea
5292;SegSummArea
5293;SegSummArea
5294;SegSummArea
5295;SegSummArea
5296;SegSummArea
5297;SegSummArea
5298;SegSummArea
5299;SegSummArea
5300;SegSummArea
5301;SegSummArea
5302;SegSummArea
5303;SegSummArea
5304;SegSummArea
5305;SegSummArea
5306;SegSummArea
5307;SegSummArea
5308;SegSummArea
5309;SegSummArea
5310;SegSummArea
5311;SegSummArea
5312;SegSummArea
5313;SegSummArea
5314;SegSummArea
5315;SegSummArea
5316;SegSummArea
5317;SegSummArea
5318;SegSummArea
5319;SegSummArea
5320;SegSummArea
5321;SegSummArea
5322;SegSummArea
5323;SegSummArea
5324;SegSummArea
5325;SegSummArea
5326;SegSummArea
5327;SegSummArea
5328;SegSummArea
5329;SegSummArea
5330;SegSummArea
5331;SegSummArea
5332;SegSummArea
5333;SegSummArea
5334;SegSummArea
5335;SegSummArea
5336;SegSummArea
5337;SegSummArea
5338;SegSummArea
5339;SegSummArea
5340;SegSummArea
5341;SegSummArea
5342;SegSummArea
5343;SegSummArea
5344;SegSummArea
5345;SegSummArea
5346;SegSummArea
5347;SegSummArea
5348;SegSummArea
5349;SegSummArea
5350;SegSummArea
5351;SegSummArea
5352;SegSummArea
5353;SegSummArea
5354;SegSummArea
5355;SegSummArea
5356;SegSummArea
5357;SegSummArea
5358;SegSummArea
5359;SegSummArea
5360;SegSummArea
5361;SegSummArea
5362;SegSummArea
5363;SegSummArea
5364;SegSummArea
5365;SegSummArea
5366;SegSummArea
5367;SegSummArea
5368;SegSummArea
5369;SegSummArea
5370;SegSummArea
5371;SegSummArea
5372;SegSummArea
5373;SegSummArea
5374;SegSummArea
5375;SegSummArea
5376;SegSummArea
5377;SegSummArea
5378;SegSummArea
5379;SegSummArea
5380;SegSummArea
5381;SegSummArea
5382;SegSummArea
5383;SegSummArea
5384;SegSummArea
5385;SegSummArea
5386;SegSummArea
5387;SegSummArea
5388;SegSummArea
5389;SegSummArea
5390;SegSummArea
5391;SegSummArea
5392;SegSummArea
5393;SegSummArea
5394;SegSummArea
5395;SegSummArea
5396;SegSummArea
5397;SegSummArea
5398;SegSummArea
5399;SegSummArea
5400;SegSummArea
5401;SegSummArea
5402;SegSummArea
5403;SegSummArea
5404;SegSummArea
5405;SegSummArea
5406;SegSummArea
5407;SegSummArea
5408;SegSummArea
5409;SegSummArea
5410;SegSummArea
5411;SegSummArea
5412;SegSummArea
5413;SegSummArea
5414;SegSummArea
5415;SegSummArea
5416;SegSummArea
5417;SegSummArea
5418;SegSummArea
5419;SegSummArea
5420;SegSummArea
5421;SegSummArea
5422;SegSummArea
5423;SegSummArea
5424;SegSummArea
5425;SegSummArea
5426;SegSummArea
5427;SegSummArea
5428;SegSummArea
5429;SegSummArea
5430;SegSummArea
5431;SegSummArea
5432;SegSummArea
5433;SegSummArea
5434;SegSummArea
5435;SegSummArea
5436;SegSummArea
5437;SegSummArea
5438;SegSummArea
5439;SegSummArea
5440;SegSummArea
5441;SegSummArea
5442;SegSummArea
5443;SegSummArea
5444;SegSummArea
5445;SegSummArea
5446;SegSummArea
5447;SegSummArea
5448;SegSummArea
5449;SegSummArea
5450;SegSummArea
5451;SegSummArea
5452;SegSummArea
5453;SegSummArea
5454;SegSummArea
5455;SegSummArea
5456;SegSummArea
5457;SegSummArea
5458;SegSummArea
5459;SegSummArea
5460;SegSummArea
5461;SegSummArea
5462;SegSummArea
5463;SegSummArea
5464;SegSummArea
5465;SegSummArea
5466;SegSummArea
5467;SegSummArea
5468;SegSummArea
5469;SegSummArea
5470;SegSummArea
5471;SegSummArea
5472;SegSummArea
5473;SegSummArea
5474;SegSummArea
5475;SegSummArea
5476;SegSummArea
5477;SegSummArea
5478;SegSummArea
5479;SegSummArea
5480;SegSummArea
5481;SegSummArea
5482;SegSummArea
5483;SegSummArea
5484;SegSummArea
5485;SegSummArea
5486;SegSummArea
5487;SegSummArea
5488;SegSummArea
5489;SegSummArea
5490;SegSummArea
5491;SegSummArea
5492;SegSummArea
5493;SegSummArea
5494;SegSummArea
5495;SegSummArea
5496;SegSummArea
5497;SegSummArea
5498;SegSummArea
5499;SegSummArea
5500;SegSummArea
5501;SegSummArea
5502;SegSummArea
5503;SegSummArea
5504;SegSummArea
5505;SegSummArea
5506;SegSummArea
5507;SegSummArea
5508;SegSummArea
5509;SegSummArea
5510;SegSummArea
5511;SegSummArea
5512;SegSummArea
5513;SegSummArea
5514;SegSummArea
5515;SegSummArea
5516;SegSummArea
5517;SegSummArea
5518;SegSummArea
5519;SegSummArea
5520;SegSummArea
5521;SegSummArea
5522;SegSummArea
5523;SegSummArea
5524;SegSummArea
5525;SegSummArea
5526;SegSummArea
5527;SegSummArea
5528;SegSummArea
5529;SegSummArea
5530;SegSummArea
5531;SegSummArea
5532;SegSummArea
5533;SegSummArea
5534;SegSummArea
5535;SegSummArea
5536;SegSummArea
5537;SegSummArea
5538;SegSummArea
5539;SegSummArea
5540;SegSummArea
5541;SegSummArea
5542;SegSummArea
5543;SegSummArea
5544;SegSummArea
5545;SegSummArea
5546;SegSummArea
5547;SegSummArea
5548;SegSummArea
5549;SegSummArea
5550;SegSummArea
5551;SegSummArea
5552;SegSummArea
5553;SegSummArea
5554;SegSummArea
5555;SegSummArea
5556;SegSummArea
5557;SegSummArea
5558;SegSummArea
5559;SegSummArea
5560;SegSummArea
5561;SegSummArea
5562;SegSummArea
5563;SegSummArea
5564;SegSummArea
5565;SegSummArea
5566;SegSummArea
5567;SegSummArea
5568;SegSummArea
5569;SegSummArea
5570;SegSummArea
5571;SegSummArea
5572;SegSummArea
5573;SegSummArea
5574;SegSummArea
5575;SegSummArea
5576;SegSummArea
5577;SegSummArea
5578;SegSummArea
5579;SegSummArea
5580;SegSummArea
5581;SegSummArea
5582;SegSummArea
5583;SegSummArea
5584;SegSummArea
5585;SegSummArea
5586;SegSummArea
5587;SegSummArea
5588;SegSummArea
5589;SegSummArea
5590;SegSummArea
5591;SegSummArea
5592;SegSummArea
5593;SegSummArea
5594;SegSummArea
5595;SegSummArea
5596;SegSummArea
5597;SegSummArea
5598;SegSummArea
5599;SegSummArea
5600;SegSummArea
5601;SegSummArea
5602;SegSummArea
5603;SegSummArea
5604;SegSummArea
5605;SegSummArea
5606;SegSummArea
5607;SegSummArea
5608;SegSummArea
5609;SegSummArea
5610;SegSummArea
5611;SegSummArea
5612;SegSummArea
5613;SegSummArea
5614;SegSummArea
5615;SegSummArea
5616;SegSummArea
5617;SegSummArea
5618;SegSummArea
5619;SegSummArea
5620;SegSummArea
5621;SegSummArea
5622;SegSummArea
5623;SegSummArea
5624;SegSummArea
5625;SegSummArea
5626;SegSummArea
5627;SegSummArea
5628;SegSummArea
5629;SegSummArea
5630;SegSummArea
5631;SegSummArea
5632;UNKNOWN
5633;UNKNOWN
5634;UNKNOWN
5635;UNKNOWN
5636;UNKNOWN
5637;UNKNOWN
5638;UNKNOWN
5639;UNKNOWN
5640;UNKNOWN
5641;UNKNOWN
5642;UNKNOWN
5643;UNKNOWN
5644;UNKNOWN
5645;UNKNOWN
5646;UNKNOWN
5647;UNKNOWN
5648;UNKNOWN
5649;UNKNOWN
5650;UNKNOWN
5651;UNKNOWN
5652;UNKNOWN
5653;UNKNOWN
5654;UNKNOWN
5655;UNKNOWN
5656;UNKNOWN
5657;UNKNOWN
5658;UNKNOWN
5659;UNKNOWN
5660;UNKNOWN
5661;UNKNOWN
5662;UNKNOWN
5663;UNKNOWN
5664;UNKNOWN
5665;UNKNOWN
5666;UNKNOWN
5667;UNKNOWN
5668;UNKNOWN
5669;UNKNOWN
5670;UNKNOWN
5671;UNKNOWN
5672;UNKNOWN
5673;UNKNOWN
5674;UNKNOWN
5675;UNKNOWN
5676;UNKNOWN
5677;UNKNOWN
5678;UNKNOWN
5679;UNKNOWN
5680;UNKNOWN
5681;UNKNOWN
5682;UNKNOWN
5683;UNKNOWN
5684;UNKNOWN
5685;UNKNOWN
5686;UNKNOWN
5687;UNKNOWN
5688;UNKNOWN
5689;UNKNOWN
5690;UNKNOWN
5691;UNKNOWN
5692;UNKNOWN
5693;UNKNOWN
5694;UNKNOWN
5695;UNKNOWN
5696;UNKNOWN
5697;UNKNOWN
5698;UNKNOWN
5699;UNKNOWN
5700;UNKNOWN
5701;UNKNOWN
5702;UNKNOWN
5703;UNKNOWN
5704;UNKNOWN
5705;UNKNOWN
5706;UNKNOWN
5707;UNKNOWN
5708;UNKNOWN
5709;UNKNOWN
5710;UNKNOWN
5711;UNKNOWN
5712;UNKNOWN
5713;UNKNOWN
5714;UNKNOWN
5715;UNKNOWN
5716;UNKNOWN
5717;UNKNOWN
5718;UNKNOWN
5719;UNKNOWN
5720;UNKNOWN
5721;UNKNOWN
5722;UNKNOWN
5723;UNKNOWN
5724;UNKNOWN
5725;UNKNOWN
5726;UNKNOWN
5727;UNKNOWN
5728;UNKNOWN
5729;UNKNOWN
5730;UNKNOWN
5731;UNKNOWN
5732;UNKNOWN
5733;UNKNOWN
5734;UNKNOWN
5735;UNKNOWN
5736;UNKNOWN
5737;UNKNOWN
5738;UNKNOWN
5739;UNKNOWN
5740;UNKNOWN
5741;UNKNOWN
5742;UNKNOWN
5743;UNKNOWN
5744;UNKNOWN
5745;UNKNOWN
5746;UNKNOWN
5747;UNKNOWN
5748;UNKNOWN
5749;UNKNOWN
5750;UNKNOWN
5751;UNKNOWN
5752;UNKNOWN
5753;UNKNOWN
5754;UNKNOWN
5755;UNKNOWN
5756;UNKNOWN
5757;UNKNOWN
5758;UNKNOWN
5759;UNKNOWN
5760;UNKNOWN
5761;UNKNOWN
5762;UNKNOWN
5763;UNKNOWN
5764;UNKNOWN
5765;UNKNOWN
5766;UNKNOWN
5767;UNKNOWN
5768;UNKNOWN
5769;UNKNOWN
5770;UNKNOWN
5771;UNKNOWN
5772;UNKNOWN
5773;UNKNOWN
5774;UNKNOWN
5775;UNKNOWN
5776;UNKNOWN
5777;UNKNOWN
5778;UNKNOWN
5779;UNKNOWN
5780;UNKNOWN
5781;UNKNOWN
5782;UNKNOWN
5783;UNKNOWN
5784;UNKNOWN
5785;UNKNOWN
5786;UNKNOWN
5787;UNKNOWN
5788;UNKNOWN
5789;UNKNOWN
5790;UNKNOWN
5791;UNKNOWN
5792;UNKNOWN
5793;UNKNOWN
5794;UNKNOWN
5795;UNKNOWN
5796;UNKNOWN
5797;UNKNOWN
5798;UNKNOWN
5799;UNKNOWN
5800;UNKNOWN
5801;UNKNOWN
5802;UNKNOWN
5803;UNKNOWN
5804;UNKNOWN
5805;UNKNOWN
5806;UNKNOWN
5807;UNKNOWN
5808;UNKNOWN
5809;UNKNOWN
5810;UNKNOWN
5811;UNKNOWN
5812;UNKNOWN
5813;UNKNOWN
5814;UNKNOWN
5815;UNKNOWN
5816;UNKNOWN
5817;UNKNOWN
5818;UNKNOWN
5819;UNKNOWN
5820;UNKNOWN
5821;UNKNOWN
5822;UNKNOWN
5823;UNKNOWN
5824;UNKNOWN
5825;UNKNOWN
5826;UNKNOWN
5827;UNKNOWN
5828;UNKNOWN
5829;UNKNOWN
5830;UNKNOWN
5831;UNKNOWN
5832;UNKNOWN
5833;UNKNOWN
5834;UNKNOWN
5835;UNKNOWN
5836;UNKNOWN
5837;UNKNOWN
5838;UNKNOWN
5839;UNKNOWN
5840;UNKNOWN
5841;UNKNOWN
5842;UNKNOWN
5843;UNKNOWN
5844;UNKNOWN
5845;UNKNOWN
5846;UNKNOWN
5847;UNKNOWN
5848;UNKNOWN
5849;UNKNOWN
5850;UNKNOWN
5851;UNKNOWN
5852;UNKNOWN
5853;UNKNOWN
5854;UNKNOWN
5855;UNKNOWN
5856;UNKNOWN
5857;UNKNOWN
5858;UNKNOWN
5859;UNKNOWN
5860;UNKNOWN
5861;UNKNOWN
5862;UNKNOWN
5863;UNKNOWN
5864;UNKNOWN
5865;UNKNOWN
5866;UNKNOWN
5867;UNKNOWN
5868;UNKNOWN
5869;UNKNOWN
5870;UNKNOWN
5871;UNKNOWN
5872;UNKNOWN
5873;UNKNOWN
5874;UNKNOWN
5875;UNKNOWN
5876;UNKNOWN
5877;UNKNOWN
5878;UNKNOWN
5879;UNKNOWN
5880;UNKNOWN
5881;UNKNOWN
5882;UNKNOWN
5883;UNKNOWN
5884;UNKNOWN
5885;UNKNOWN
5886;UNKNOWN
5887;UNKNOWN
5888;UNKNOWN
5889;UNKNOWN
5890;UNKNOWN
5891;UNKNOWN
5892;UNKNOWN
5893;UNKNOWN
5894;UNKNOWN
5895;UNKNOWN
5896;UNKNOWN
5897;UNKNOWN
5898;UNKNOWN
5899;UNKNOWN
5900;UNKNOWN
5901;UNKNOWN
5902;UNKNOWN
5903;UNKNOWN
5904;UNKNOWN
5905;UNKNOWN
5906;UNKNOWN
5907;UNKNOWN
5908;UNKNOWN
5909;UNKNOWN
5910;UNKNOWN
5911;UNKNOWN
5912;UNKNOWN
5913;UNKNOWN
5914;UNKNOWN
5915;UNKNOWN
5916;UNKNOWN
5917;UNKNOWN
5918;UNKNOWN
5919;UNKNOWN
5920;UNKNOWN
5921;UNKNOWN
5922;UNKNOWN
5923;UNKNOWN
5924;UNKNOWN
5925;UNKNOWN
5926;UNKNOWN
5927;UNKNOWN
5928;UNKNOWN
5929;UNKNOWN
5930;UNKNOWN
5931;UNKNOWN
5932;UNKNOWN
5933;UNKNOWN
5934;UNKNOWN
5935;UNKNOWN
5936;UNKNOWN
5937;UNKNOWN
5938;UNKNOWN
5939;UNKNOWN
5940;UNKNOWN
5941;UNKNOWN
5942;UNKNOWN
5943;UNKNOWN
5944;UNKNOWN
5945;UNKNOWN
5946;UNKNOWN
5947;UNKNOWN
5948;UNKNOWN
5949;UNKNOWN
5950;UNKNOWN
5951;UNKNOWN
5952;UNKNOWN
5953;UNKNOWN
5954;UNKNOWN
5955;UNKNOWN
5956;UNKNOWN
5957;UNKNOWN
5958;UNKNOWN
5959;UNKNOWN
5960;UNKNOWN
5961;UNKNOWN
5962;UNKNOWN
5963;UNKNOWN
5964;UNKNOWN
5965;UNKNOWN
5966;UNKNOWN
5967;UNKNOWN
5968;UNKNOWN
5969;UNKNOWN
5970;UNKNOWN
5971;UNKNOWN
5972;UNKNOWN
5973;UNKNOWN
5974;UNKNOWN
5975;UNKNOWN
5976;UNKNOWN
5977;UNKNOWN
5978;UNKNOWN
5979;UNKNOWN
5980;UNKNOWN
5981;UNKNOWN
5982;UNKNOWN
5983;UNKNOWN
5984;UNKNOWN
5985;UNKNOWN
5986;UNKNOWN
5987;UNKNOWN
5988;UNKNOWN
5989;UNKNOWN
5990;UNKNOWN
5991;UNKNOWN
5992;UNKNOWN
5993;UNKNOWN
5994;UNKNOWN
5995;UNKNOWN
5996;UNKNOWN
5997;UNKNOWN
5998;UNKNOWN
5999;UNKNOWN
6000;UNKNOWN
6001;UNKNOWN
6002;UNKNOWN
6003;UNKNOWN
6004;UNKNOWN
6005;UNKNOWN
6006;UNKNOWN
6007;UNKNOWN
6008;UNKNOWN
6009;UNKNOWN
6010;UNKNOWN
6011;UNKNOWN
6012;UNKNOWN
6013;UNKNOWN
6014;UNKNOWN
6015;UNKNOWN
6016;UNKNOWN
6017;UNKNOWN
6018;UNKNOWN
6019;UNKNOWN
6020;UNKNOWN
6021;UNKNOWN
6022;UNKNOWN
6023;UNKNOWN
6024;UNKNOWN
6025;UNKNOWN
6026;UNKNOWN
6027;UNKNOWN
6028;UNKNOWN
6029;UNKNOWN
6030;UNKNOWN
6031;UNKNOWN
6032;UNKNOWN
6033;UNKNOWN
6034;UNKNOWN
6035;UNKNOWN
6036;UNKNOWN
6037;UNKNOWN
6038;UNKNOWN
6039;UNKNOWN
6040;UNKNOWN
6041;UNKNOWN
6042;UNKNOWN
6043;UNKNOWN
6044;UNKNOWN
6045;UNKNOWN
6046;UNKNOWN
6047;UNKNOWN
6048;UNKNOWN
6049;UNKNOWN
6050;UNKNOWN
6051;UNKNOWN
6052;UNKNOWN
6053;UNKNOWN
6054;UNKNOWN
6055;UNKNOWN
6056;UNKNOWN
6057;UNKNOWN
6058;UNKNOWN
6059;UNKNOWN
6060;UNKNOWN
6061;UNKNOWN
6062;UNKNOWN
6063;UNKNOWN
6064;UNKNOWN
6065;UNKNOWN
6066;UNKNOWN
6067;UNKNOWN
6068;UNKNOWN
6069;UNKNOWN
6070;UNKNOWN
6071;UNKNOWN
6072;UNKNOWN
6073;UNKNOWN
6074;UNKNOWN
6075;UNKNOWN
6076;UNKNOWN
6077;UNKNOWN
6078;UNKNOWN
6079;UNKNOWN
6080;UNKNOWN
6081;UNKNOWN
6082;UNKNOWN
6083;UNKNOWN
6084;UNKNOWN
6085;UNKNOWN
6086;UNKNOWN
6087;UNKNOWN
6088;UNKNOWN
6089;UNKNOWN
6090;UNKNOWN
6091;UNKNOWN
6092;UNKNOWN
6093;UNKNOWN
6094;UNKNOWN
6095;UNKNOWN
6096;UNKNOWN
6097;UNKNOWN
6098;UNKNOWN
6099;UNKNOWN
6100;UNKNOWN
6101;UNKNOWN
6102;UNKNOWN
6103;UNKNOWN
6104;UNKNOWN
6105;UNKNOWN
6106;UNKNOWN
6107;UNKNOWN
6108;UNKNOWN
6109;UNKNOWN
6110;UNKNOWN
6111;UNKNOWN
6112;UNKNOWN
6113;UNKNOWN
6114;UNKNOWN
6115;UNKNOWN
6116;UNKNOWN
6117;UNKNOWN
6118;UNKNOWN
6119;UNKNOWN
6120;UNKNOWN
6121;UNKNOWN
6122;UNKNOWN
6123;UNKNOWN
6124;UNKNOWN
6125;UNKNOWN
6126;UNKNOWN
6127;UNKNOWN
6128;UNKNOWN
6129;UNKNOWN
6130;UNKNOWN
6131;UNKNOWN
6132;UNKNOWN
6133;UNKNOWN
6134;UNKNOWN
6135;UNKNOWN
6136;UNKNOWN
6137;UNKNOWN
6138;UNKNOWN
6139;UNKNOWN
6140;UNKNOWN
6141;UNKNOWN
6142;UNKNOWN
6143;UNKNOWN
126976;MainArea
126977;MainArea
129024;MainArea
129025;MainArea
130048;MainArea
130049;MainArea
130050;MainArea
130051;MainArea
